# JRE version: Java(TM) SE Runtime Environment (8.0_161-b12) (build 1.8.0_161-b12)
# Java VM: Java HotSpot(TM) 64-Bit Server VM (25.161-b12 mixed mode windows-amd64 compressed oops)
Heap:
 PSYoungGen      total 138240K, used 97575K [0x00000000d6600000, 0x00000000e5600000, 0x0000000100000000)
  eden space 129536K, 68% used [0x00000000d6600000,0x00000000dbccd4f0,0x00000000de480000)
  from space 8704K, 99% used [0x00000000de480000,0x00000000decfcaf8,0x00000000ded00000)
  to   space 9728K, 0% used [0x00000000e4c80000,0x00000000e4c80000,0x00000000e5600000)
 ParOldGen       total 45056K, used 6179K [0x0000000083200000, 0x0000000085e00000, 0x00000000d6600000)
  object space 45056K, 13% used [0x0000000083200000,0x0000000083808c08,0x0000000085e00000)
 Metaspace       used 32754K, capacity 35046K, committed 35200K, reserved 1079296K
  class space    used 4298K, capacity 4721K, committed 4736K, reserved 1048576K
GC Heap History (10 events):
Event: 1.914 GC heap before
{Heap before GC invocations=4 (full 0):
 PSYoungGen      total 37888K, used 37885K [0x00000000d6600000, 0x00000000db000000, 0x0000000100000000)
  eden space 32768K, 100% used [0x00000000d6600000,0x00000000d8600000,0x00000000d8600000)
  from space 5120K, 99% used [0x00000000d8600000,0x00000000d8aff4b8,0x00000000d8b00000)
  to   space 5120K, 0% used [0x00000000dab00000,0x00000000dab00000,0x00000000db000000)
 ParOldGen       total 86016K, used 2141K [0x0000000083200000, 0x0000000088600000, 0x00000000d6600000)
  object space 86016K, 2% used [0x0000000083200000,0x0000000083417430,0x0000000088600000)
 Metaspace       used 19321K, capacity 20940K, committed 21120K, reserved 1067008K
  class space    used 2529K, capacity 2846K, committed 2944K, reserved 1048576K
Event: 1.921 GC heap after
Heap after GC invocations=4 (full 0):
 PSYoungGen      total 70656K, used 5115K [0x00000000d6600000, 0x00000000db000000, 0x0000000100000000)
  eden space 65536K, 0% used [0x00000000d6600000,0x00000000d6600000,0x00000000da600000)
  from space 5120K, 99% used [0x00000000dab00000,0x00000000daffec00,0x00000000db000000)
  to   space 5120K, 0% used [0x00000000da600000,0x00000000da600000,0x00000000dab00000)
 ParOldGen       total 86016K, used 4810K [0x0000000083200000, 0x0000000088600000, 0x00000000d6600000)
  object space 86016K, 5% used [0x0000000083200000,0x00000000836b2830,0x0000000088600000)
 Metaspace       used 19321K, capacity 20940K, committed 21120K, reserved 1067008K
  class space    used 2529K, capacity 2846K, committed 2944K, reserved 1048576K
}
Event: 1.940 GC heap before
{Heap before GC invocations=5 (full 0):
 PSYoungGen      total 70656K, used 10733K [0x00000000d6600000, 0x00000000db000000, 0x0000000100000000)
  eden space 65536K, 8% used [0x00000000d6600000,0x00000000d6b7c8c8,0x00000000da600000)
  from space 5120K, 99% used [0x00000000dab00000,0x00000000daffec00,0x00000000db000000)
  to   space 5120K, 0% used [0x00000000da600000,0x00000000da600000,0x00000000dab00000)
 ParOldGen       total 86016K, used 4810K [0x0000000083200000, 0x0000000088600000, 0x00000000d6600000)
  object space 86016K, 5% used [0x0000000083200000,0x00000000836b2830,0x0000000088600000)
 Metaspace       used 19678K, capacity 21228K, committed 21296K, reserved 1067008K
  class space    used 2570K, capacity 2878K, committed 2944K, reserved 1048576K
Event: 1.949 GC heap after
Heap after GC invocations=5 (full 0):
 PSYoungGen      total 70656K, used 5089K [0x00000000d6600000, 0x00000000df700000, 0x0000000100000000)
  eden space 65536K, 0% used [0x00000000d6600000,0x00000000d6600000,0x00000000da600000)
  from space 5120K, 99% used [0x00000000da600000,0x00000000daaf84c8,0x00000000dab00000)
  to   space 8704K, 0% used [0x00000000dee80000,0x00000000dee80000,0x00000000df700000)
 ParOldGen       total 86016K, used 5201K [0x0000000083200000, 0x0000000088600000, 0x00000000d6600000)
  object space 86016K, 6% used [0x0000000083200000,0x00000000837146a8,0x0000000088600000)
 Metaspace       used 19678K, capacity 21228K, committed 21296K, reserved 1067008K
  class space    used 2570K, capacity 2878K, committed 2944K, reserved 1048576K
}
Event: 1.949 GC heap before
{Heap before GC invocations=6 (full 1):
 PSYoungGen      total 70656K, used 5089K [0x00000000d6600000, 0x00000000df700000, 0x0000000100000000)
  eden space 65536K, 0% used [0x00000000d6600000,0x00000000d6600000,0x00000000da600000)
  from space 5120K, 99% used [0x00000000da600000,0x00000000daaf84c8,0x00000000dab00000)
  to   space 8704K, 0% used [0x00000000dee80000,0x00000000dee80000,0x00000000df700000)
 ParOldGen       total 86016K, used 5201K [0x0000000083200000, 0x0000000088600000, 0x00000000d6600000)
  object space 86016K, 6% used [0x0000000083200000,0x00000000837146a8,0x0000000088600000)
 Metaspace       used 19678K, capacity 21228K, committed 21296K, reserved 1067008K
  class space    used 2570K, capacity 2878K, committed 2944K, reserved 1048576K
Event: 1.971 GC heap after
Heap after GC invocations=6 (full 1):
 PSYoungGen      total 70656K, used 0K [0x00000000d6600000, 0x00000000df700000, 0x0000000100000000)
  eden space 65536K, 0% used [0x00000000d6600000,0x00000000d6600000,0x00000000da600000)
  from space 5120K, 0% used [0x00000000da600000,0x00000000da600000,0x00000000dab00000)
  to   space 8704K, 0% used [0x00000000dee80000,0x00000000dee80000,0x00000000df700000)
 ParOldGen       total 45056K, used 5378K [0x0000000083200000, 0x0000000085e00000, 0x00000000d6600000)
  object space 45056K, 11% used [0x0000000083200000,0x0000000083740930,0x0000000085e00000)
 Metaspace       used 19678K, capacity 21228K, committed 21296K, reserved 1067008K
  class space    used 2570K, capacity 2878K, committed 2944K, reserved 1048576K
}
Event: 2.329 GC heap before
{Heap before GC invocations=7 (full 1):
 PSYoungGen      total 70656K, used 65536K [0x00000000d6600000, 0x00000000df700000, 0x0000000100000000)
  eden space 65536K, 100% used [0x00000000d6600000,0x00000000da600000,0x00000000da600000)
  from space 5120K, 0% used [0x00000000da600000,0x00000000da600000,0x00000000dab00000)
  to   space 8704K, 0% used [0x00000000dee80000,0x00000000dee80000,0x00000000df700000)
 ParOldGen       total 45056K, used 5378K [0x0000000083200000, 0x0000000085e00000, 0x00000000d6600000)
  object space 45056K, 11% used [0x0000000083200000,0x0000000083740930,0x0000000085e00000)
 Metaspace       used 23974K, capacity 25678K, committed 25856K, reserved 1071104K
  class space    used 3139K, capacity 3459K, committed 3584K, reserved 1048576K
Event: 2.337 GC heap after
Heap after GC invocations=7 (full 1):
 PSYoungGen      total 130048K, used 6823K [0x00000000d6600000, 0x00000000df580000, 0x0000000100000000)
  eden space 122880K, 0% used [0x00000000d6600000,0x00000000d6600000,0x00000000dde00000)
  from space 7168K, 95% used [0x00000000dee80000,0x00000000df529c40,0x00000000df580000)
  to   space 8704K, 0% used [0x00000000de480000,0x00000000de480000,0x00000000ded00000)
 ParOldGen       total 45056K, used 5386K [0x0000000083200000, 0x0000000085e00000, 0x00000000d6600000)
  object space 45056K, 11% used [0x0000000083200000,0x0000000083742930,0x0000000085e00000)
 Metaspace       used 23974K, capacity 25678K, committed 25856K, reserved 1071104K
  class space    used 3139K, capacity 3459K, committed 3584K, reserved 1048576K
}
Event: 3.258 GC heap before
{Heap before GC invocations=8 (full 1):
 PSYoungGen      total 130048K, used 129703K [0x00000000d6600000, 0x00000000df580000, 0x0000000100000000)
  eden space 122880K, 100% used [0x00000000d6600000,0x00000000dde00000,0x00000000dde00000)
  from space 7168K, 95% used [0x00000000dee80000,0x00000000df529c40,0x00000000df580000)
  to   space 8704K, 0% used [0x00000000de480000,0x00000000de480000,0x00000000ded00000)
 ParOldGen       total 45056K, used 5386K [0x0000000083200000, 0x0000000085e00000, 0x00000000d6600000)
  object space 45056K, 11% used [0x0000000083200000,0x0000000083742930,0x0000000085e00000)
 Metaspace       used 28075K, capacity 30154K, committed 30208K, reserved 1075200K
  class space    used 3697K, capacity 4083K, committed 4096K, reserved 1048576K
Event: 3.267 GC heap after
Heap after GC invocations=8 (full 1):
 PSYoungGen      total 138240K, used 8690K [0x00000000d6600000, 0x00000000e5600000, 0x0000000100000000)
  eden space 129536K, 0% used [0x00000000d6600000,0x00000000d6600000,0x00000000de480000)
  from space 8704K, 99% used [0x00000000de480000,0x00000000decfcaf8,0x00000000ded00000)
  to   space 9728K, 0% used [0x00000000e4c80000,0x00000000e4c80000,0x00000000e5600000)
 ParOldGen       total 45056K, used 6179K [0x0000000083200000, 0x0000000085e00000, 0x00000000d6600000)
  object space 45056K, 13% used [0x0000000083200000,0x0000000083808c08,0x0000000085e00000)
 Metaspace       used 28075K, capacity 30154K, committed 30208K, reserved 1075200K
  class space    used 3697K, capacity 4083K, committed 4096K, reserved 1048576K
}

